{"name": "login success L001", "status": "broken", "statusDetails": {"message": "selenium.common.exceptions.NoSuchElementException: Message: no such element: Unable to locate element: {\"method\":\"xpath\",\"selector\":\"//div[@id='navbar-mobile']/div/div[2]/a/div/span/i\"}\n  (Session info: chrome=67.0.3396.99)\n  (Driver info: chromedriver=2.40.565498 (ea082db3280dd6843ebfb08a625e3eb905c4f5ab),platform=Windows NT 10.0.15063 x86_64)\n\n", "trace": "  File \"c:\\yangliu\\python3\\lib\\site-packages\\behave\\model.py\", line 1329, in run\n    match.run(runner.context)\n  File \"c:\\yangliu\\python3\\lib\\site-packages\\behave\\matchers.py\", line 98, in run\n    self.func(context, *args, **kwargs)\n  File \"features\\steps\\login.py\", line 33, in step_impl\n    context.driver.find_element_by_xpath(\"//div[@id='navbar-mobile']/div/div[2]/a/div/span/i\").click()\n  File \"c:\\yangliu\\python3\\lib\\site-packages\\selenium\\webdriver\\remote\\webdriver.py\", line 387, in find_element_by_xpath\n    return self.find_element(by=By.XPATH, value=xpath)\n  File \"c:\\yangliu\\python3\\lib\\site-packages\\selenium\\webdriver\\remote\\webdriver.py\", line 957, in find_element\n    'value': value})['value']\n  File \"c:\\yangliu\\python3\\lib\\site-packages\\selenium\\webdriver\\remote\\webdriver.py\", line 314, in execute\n    self.error_handler.check_response(response)\n  File \"c:\\yangliu\\python3\\lib\\site-packages\\selenium\\webdriver\\remote\\errorhandler.py\", line 242, in check_response\n    raise exception_class(message, screen, stacktrace)\n"}, "steps": [{"name": "Given Access Egdescale website", "status": "passed", "start": 1533525872969, "stop": 1533526083047}, {"name": "When login with username zhengqiong.zhu, password zhuzhengqiong", "status": "passed", "start": 1533526083048, "stop": 1533526109303}, {"name": "Then There is username zhengqiong.zhu", "status": "broken", "statusDetails": {"message": "selenium.common.exceptions.NoSuchElementException: Message: no such element: Unable to locate element: {\"method\":\"xpath\",\"selector\":\"//div[@id='navbar-mobile']/div/div[2]/a/div/span/i\"}\n  (Session info: chrome=67.0.3396.99)\n  (Driver info: chromedriver=2.40.565498 (ea082db3280dd6843ebfb08a625e3eb905c4f5ab),platform=Windows NT 10.0.15063 x86_64)\n\n", "trace": "  File \"c:\\yangliu\\python3\\lib\\site-packages\\behave\\model.py\", line 1329, in run\n    match.run(runner.context)\n  File \"c:\\yangliu\\python3\\lib\\site-packages\\behave\\matchers.py\", line 98, in run\n    self.func(context, *args, **kwargs)\n  File \"features\\steps\\login.py\", line 33, in step_impl\n    context.driver.find_element_by_xpath(\"//div[@id='navbar-mobile']/div/div[2]/a/div/span/i\").click()\n  File \"c:\\yangliu\\python3\\lib\\site-packages\\selenium\\webdriver\\remote\\webdriver.py\", line 387, in find_element_by_xpath\n    return self.find_element(by=By.XPATH, value=xpath)\n  File \"c:\\yangliu\\python3\\lib\\site-packages\\selenium\\webdriver\\remote\\webdriver.py\", line 957, in find_element\n    'value': value})['value']\n  File \"c:\\yangliu\\python3\\lib\\site-packages\\selenium\\webdriver\\remote\\webdriver.py\", line 314, in execute\n    self.error_handler.check_response(response)\n  File \"c:\\yangliu\\python3\\lib\\site-packages\\selenium\\webdriver\\remote\\errorhandler.py\", line 242, in check_response\n    raise exception_class(message, screen, stacktrace)\n"}, "start": 1533526109304, "stop": 1533526109378}], "start": 1533525872966, "stop": 1533526110166, "uuid": "136a352d-9ea2-410d-a52b-c034cb536700", "historyId": "b406597e16f4d2628c4e43ce42e6612b", "labels": [{"name": "tag", "value": "login"}, {"name": "severity", "value": "normal"}, {"name": "feature", "value": "login"}, {"name": "framework", "value": "behave"}, {"name": "language", "value": "cpython3"}]}