{
  "uid" : "77128d0ffb6d80f4",
  "name" : "login success L001",
  "historyId" : "b406597e16f4d2628c4e43ce42e6612b",
  "time" : {
    "start" : 1533526241458,
    "stop" : 1533526518371,
    "duration" : 276913
  },
  "status" : "broken",
  "statusMessage" : "selenium.common.exceptions.NoSuchElementException: Message: no such element: Unable to locate element: {\"method\":\"xpath\",\"selector\":\"//div[@id='navbar-mobile']/div/div[2]/a/div/span/i\"}\n  (Session info: headless chrome=67.0.3396.99)\n  (Driver info: chromedriver=2.40.565498 (ea082db3280dd6843ebfb08a625e3eb905c4f5ab),platform=Windows NT 10.0.15063 x86_64)\n\n",
  "statusTrace" : "  File \"c:\\yangliu\\python3\\lib\\site-packages\\behave\\model.py\", line 1329, in run\n    match.run(runner.context)\n  File \"c:\\yangliu\\python3\\lib\\site-packages\\behave\\matchers.py\", line 98, in run\n    self.func(context, *args, **kwargs)\n  File \"features\\steps\\login.py\", line 33, in step_impl\n    context.driver.find_element_by_xpath(\"//div[@id='navbar-mobile']/div/div[2]/a/div/span/i\").click()\n  File \"c:\\yangliu\\python3\\lib\\site-packages\\selenium\\webdriver\\remote\\webdriver.py\", line 387, in find_element_by_xpath\n    return self.find_element(by=By.XPATH, value=xpath)\n  File \"c:\\yangliu\\python3\\lib\\site-packages\\selenium\\webdriver\\remote\\webdriver.py\", line 957, in find_element\n    'value': value})['value']\n  File \"c:\\yangliu\\python3\\lib\\site-packages\\selenium\\webdriver\\remote\\webdriver.py\", line 314, in execute\n    self.error_handler.check_response(response)\n  File \"c:\\yangliu\\python3\\lib\\site-packages\\selenium\\webdriver\\remote\\errorhandler.py\", line 242, in check_response\n    raise exception_class(message, screen, stacktrace)\n",
  "flaky" : false,
  "beforeStages" : [ ],
  "testStage" : {
    "status" : "broken",
    "statusMessage" : "selenium.common.exceptions.NoSuchElementException: Message: no such element: Unable to locate element: {\"method\":\"xpath\",\"selector\":\"//div[@id='navbar-mobile']/div/div[2]/a/div/span/i\"}\n  (Session info: headless chrome=67.0.3396.99)\n  (Driver info: chromedriver=2.40.565498 (ea082db3280dd6843ebfb08a625e3eb905c4f5ab),platform=Windows NT 10.0.15063 x86_64)\n\n",
    "statusTrace" : "  File \"c:\\yangliu\\python3\\lib\\site-packages\\behave\\model.py\", line 1329, in run\n    match.run(runner.context)\n  File \"c:\\yangliu\\python3\\lib\\site-packages\\behave\\matchers.py\", line 98, in run\n    self.func(context, *args, **kwargs)\n  File \"features\\steps\\login.py\", line 33, in step_impl\n    context.driver.find_element_by_xpath(\"//div[@id='navbar-mobile']/div/div[2]/a/div/span/i\").click()\n  File \"c:\\yangliu\\python3\\lib\\site-packages\\selenium\\webdriver\\remote\\webdriver.py\", line 387, in find_element_by_xpath\n    return self.find_element(by=By.XPATH, value=xpath)\n  File \"c:\\yangliu\\python3\\lib\\site-packages\\selenium\\webdriver\\remote\\webdriver.py\", line 957, in find_element\n    'value': value})['value']\n  File \"c:\\yangliu\\python3\\lib\\site-packages\\selenium\\webdriver\\remote\\webdriver.py\", line 314, in execute\n    self.error_handler.check_response(response)\n  File \"c:\\yangliu\\python3\\lib\\site-packages\\selenium\\webdriver\\remote\\errorhandler.py\", line 242, in check_response\n    raise exception_class(message, screen, stacktrace)\n",
    "steps" : [ {
      "name" : "Given Access Egdescale website",
      "time" : {
        "start" : 1533526241458,
        "stop" : 1533526491720,
        "duration" : 250262
      },
      "status" : "passed",
      "steps" : [ ],
      "attachments" : [ ],
      "parameters" : [ ],
      "hasContent" : false,
      "stepsCount" : 0,
      "attachmentsCount" : 0,
      "shouldDisplayMessage" : false
    }, {
      "name" : "When login with username zhengqiong.zhu, password zhuzhengqiong",
      "time" : {
        "start" : 1533526491721,
        "stop" : 1533526517873,
        "duration" : 26152
      },
      "status" : "passed",
      "steps" : [ ],
      "attachments" : [ ],
      "parameters" : [ ],
      "hasContent" : false,
      "stepsCount" : 0,
      "attachmentsCount" : 0,
      "shouldDisplayMessage" : false
    }, {
      "name" : "Then There is username zhengqiong.zhu",
      "time" : {
        "start" : 1533526517873,
        "stop" : 1533526517908,
        "duration" : 35
      },
      "status" : "broken",
      "statusMessage" : "selenium.common.exceptions.NoSuchElementException: Message: no such element: Unable to locate element: {\"method\":\"xpath\",\"selector\":\"//div[@id='navbar-mobile']/div/div[2]/a/div/span/i\"}\n  (Session info: headless chrome=67.0.3396.99)\n  (Driver info: chromedriver=2.40.565498 (ea082db3280dd6843ebfb08a625e3eb905c4f5ab),platform=Windows NT 10.0.15063 x86_64)\n\n",
      "statusTrace" : "  File \"c:\\yangliu\\python3\\lib\\site-packages\\behave\\model.py\", line 1329, in run\n    match.run(runner.context)\n  File \"c:\\yangliu\\python3\\lib\\site-packages\\behave\\matchers.py\", line 98, in run\n    self.func(context, *args, **kwargs)\n  File \"features\\steps\\login.py\", line 33, in step_impl\n    context.driver.find_element_by_xpath(\"//div[@id='navbar-mobile']/div/div[2]/a/div/span/i\").click()\n  File \"c:\\yangliu\\python3\\lib\\site-packages\\selenium\\webdriver\\remote\\webdriver.py\", line 387, in find_element_by_xpath\n    return self.find_element(by=By.XPATH, value=xpath)\n  File \"c:\\yangliu\\python3\\lib\\site-packages\\selenium\\webdriver\\remote\\webdriver.py\", line 957, in find_element\n    'value': value})['value']\n  File \"c:\\yangliu\\python3\\lib\\site-packages\\selenium\\webdriver\\remote\\webdriver.py\", line 314, in execute\n    self.error_handler.check_response(response)\n  File \"c:\\yangliu\\python3\\lib\\site-packages\\selenium\\webdriver\\remote\\errorhandler.py\", line 242, in check_response\n    raise exception_class(message, screen, stacktrace)\n",
      "steps" : [ ],
      "attachments" : [ ],
      "parameters" : [ ],
      "hasContent" : true,
      "stepsCount" : 0,
      "attachmentsCount" : 0,
      "shouldDisplayMessage" : true
    } ],
    "attachments" : [ ],
    "parameters" : [ ],
    "hasContent" : true,
    "stepsCount" : 3,
    "attachmentsCount" : 0,
    "shouldDisplayMessage" : false
  },
  "afterStages" : [ ],
  "labels" : [ {
    "name" : "tag",
    "value" : "login"
  }, {
    "name" : "severity",
    "value" : "normal"
  }, {
    "name" : "feature",
    "value" : "login"
  }, {
    "name" : "framework",
    "value" : "behave"
  }, {
    "name" : "language",
    "value" : "cpython3"
  }, {
    "name" : "resultFormat",
    "value" : "allure2"
  } ],
  "parameters" : [ ],
  "links" : [ ],
  "hidden" : true,
  "retry" : true,
  "extra" : {
    "categories" : [ ],
    "tags" : [ "login" ]
  },
  "source" : "77128d0ffb6d80f4.json",
  "parameterValues" : [ ]
}